[INFO] [17:20:46.355] [JavaFX Application Thread] [] com.zzg.mybatis.generator.util.DbUtil.getConnectionUrlWithSchema:214 --> getConnectionUrlWithSchema, connection url: jdbc:mysql://127.0.0.1:3306/Warehouse?useUnicode=true&useSSL=false&characterEncoding=utf8
[INFO] [17:20:46.393] [JavaFX Application Thread] [] com.zzg.mybatis.generator.util.DbUtil.getConnection:139 --> getConnection, connection url: com.mysql.jdbc.JDBC4Connection@17831bff
[INFO] [17:20:48.064] [JavaFX Application Thread] [] com.zzg.mybatis.generator.util.ConnectionManager.getConnection:20 --> database FilePath :D:\mybatis-generator-gui-0.8.8-SNAPSHOT.app\mybatis-generator-gui-0.8.8-SNAPSHOT.app\Contents\Java\.\config\sqlite3.db
[INFO] [17:20:48.095] [JavaFX Application Thread] [] com.zzg.mybatis.generator.util.ConnectionManager.getConnection:20 --> database FilePath :D:\mybatis-generator-gui-0.8.8-SNAPSHOT.app\mybatis-generator-gui-0.8.8-SNAPSHOT.app\Contents\Java\.\config\sqlite3.db
[INFO] [17:20:49.337] [JavaFX Application Thread] [] com.zzg.mybatis.generator.util.DbUtil.getConnectionUrlWithSchema:214 --> getConnectionUrlWithSchema, connection url: jdbc:mysql://127.0.0.1:3306/Warehouse?useUnicode=true&useSSL=false&characterEncoding=utf8
[INFO] [17:20:49.342] [JavaFX Application Thread] [] com.zzg.mybatis.generator.util.DbUtil.getConnection:139 --> getConnection, connection url: com.mysql.jdbc.JDBC4Connection@7efac28b
[INFO] [17:21:00.102] [JavaFX Application Thread] [] com.zzg.mybatis.generator.util.ConfigHelper.findConnectorLibPath:215 --> jar resource: jar:file:/D:/mybatis-generator-gui-0.8.8-SNAPSHOT.app/mybatis-generator-gui-0.8.8-SNAPSHOT.app/Contents/Java/mybatis-generator-gui.jar!/logback.xml
[INFO] [17:21:00.103] [JavaFX Application Thread] [] com.zzg.mybatis.generator.bridge.MybatisGeneratorBridge.generate:66 --> connectorLibPath: D:\mybatis-generator-gui-0.8.8-SNAPSHOT.app\mybatis-generator-gui-0.8.8-SNAPSHOT.app\Contents\Java\lib\mysql-connector-java-5.1.38.jar
[INFO] [17:21:00.106] [JavaFX Application Thread] [] com.zzg.mybatis.generator.util.DbUtil.getConnectionUrlWithSchema:214 --> getConnectionUrlWithSchema, connection url: jdbc:mysql://127.0.0.1:3306/Warehouse?useUnicode=true&useSSL=false&characterEncoding=utf8
[DEBUG] [17:21:00.277] [JavaFX Application Thread] [] org.mybatis.generator.internal.db.DatabaseIntrospector.getColumns:506 --> Retrieving column information for table "warehouse.images"
[DEBUG] [17:21:00.288] [JavaFX Application Thread] [] org.mybatis.generator.internal.db.DatabaseIntrospector.getColumns:563 --> Found column "id", data type 4, in table "warehouse..images"
[DEBUG] [17:21:00.289] [JavaFX Application Thread] [] org.mybatis.generator.internal.db.DatabaseIntrospector.getColumns:563 --> Found column "path", data type 12, in table "warehouse..images"
[DEBUG] [17:21:00.291] [JavaFX Application Thread] [] org.mybatis.generator.internal.db.DatabaseIntrospector.getColumns:563 --> Found column "time", data type 93, in table "warehouse..images"
[INFO] [17:21:30.317] [JavaFX Application Thread] [] com.zzg.mybatis.generator.util.ConfigHelper.findConnectorLibPath:215 --> jar resource: jar:file:/D:/mybatis-generator-gui-0.8.8-SNAPSHOT.app/mybatis-generator-gui-0.8.8-SNAPSHOT.app/Contents/Java/mybatis-generator-gui.jar!/logback.xml
[INFO] [17:21:30.319] [JavaFX Application Thread] [] com.zzg.mybatis.generator.bridge.MybatisGeneratorBridge.generate:66 --> connectorLibPath: D:\mybatis-generator-gui-0.8.8-SNAPSHOT.app\mybatis-generator-gui-0.8.8-SNAPSHOT.app\Contents\Java\lib\mysql-connector-java-5.1.38.jar
[INFO] [17:21:30.322] [JavaFX Application Thread] [] com.zzg.mybatis.generator.util.DbUtil.getConnectionUrlWithSchema:214 --> getConnectionUrlWithSchema, connection url: jdbc:mysql://127.0.0.1:3306/Warehouse?useUnicode=true&useSSL=false&characterEncoding=utf8
[DEBUG] [17:21:30.511] [JavaFX Application Thread] [] org.mybatis.generator.internal.db.DatabaseIntrospector.getColumns:506 --> Retrieving column information for table "warehouse.images"
[DEBUG] [17:21:30.526] [JavaFX Application Thread] [] org.mybatis.generator.internal.db.DatabaseIntrospector.getColumns:563 --> Found column "id", data type 4, in table "warehouse..images"
[DEBUG] [17:21:30.527] [JavaFX Application Thread] [] org.mybatis.generator.internal.db.DatabaseIntrospector.getColumns:563 --> Found column "path", data type 12, in table "warehouse..images"
[DEBUG] [17:21:30.531] [JavaFX Application Thread] [] org.mybatis.generator.internal.db.DatabaseIntrospector.getColumns:563 --> Found column "time", data type 93, in table "warehouse..images"
[INFO] [17:35:13.115] [JavaFX Application Thread] [] com.zzg.mybatis.generator.util.ConnectionManager.getConnection:20 --> database FilePath :D:\mybatis-generator-gui-0.8.8-SNAPSHOT.app\mybatis-generator-gui-0.8.8-SNAPSHOT.app\Contents\Java\.\config\sqlite3.db
[INFO] [17:35:13.117] [JavaFX Application Thread] [] com.zzg.mybatis.generator.util.ConfigHelper.loadGeneratorConfigs:182 --> sql: SELECT * FROM generator_config
