[INFO] [02:21:42.893] [JavaFX Application Thread] [] com.zzg.mybatis.generator.util.ConnectionManager.getConnection:20 --> database FilePath :D:\mybatis-generator-gui-0.8.8-SNAPSHOT.app\mybatis-generator-gui-0.8.8-SNAPSHOT.app\Contents\Java\.\config\sqlite3.db
[INFO] [02:21:45.895] [JavaFX Application Thread] [] com.zzg.mybatis.generator.util.ConfigHelper.getAllJDBCDriverJarPaths:238 --> jar lib path: D:\mybatis-generator-gui-0.8.8-SNAPSHOT.app\mybatis-generator-gui-0.8.8-SNAPSHOT.app\Contents\Java\lib
[INFO] [02:21:45.895] [JavaFX Application Thread] [] com.zzg.mybatis.generator.util.ConfigHelper.getAllJDBCDriverJarPaths:242 --> jar file: D:\mybatis-generator-gui-0.8.8-SNAPSHOT.app\mybatis-generator-gui-0.8.8-SNAPSHOT.app\Contents\Java\lib\commons-beanutils-1.9.2.jar
[INFO] [02:21:45.901] [JavaFX Application Thread] [] com.zzg.mybatis.generator.util.ConfigHelper.getAllJDBCDriverJarPaths:242 --> jar file: D:\mybatis-generator-gui-0.8.8-SNAPSHOT.app\mybatis-generator-gui-0.8.8-SNAPSHOT.app\Contents\Java\lib\commons-collections-3.2.1.jar
[INFO] [02:21:45.901] [JavaFX Application Thread] [] com.zzg.mybatis.generator.util.ConfigHelper.getAllJDBCDriverJarPaths:242 --> jar file: D:\mybatis-generator-gui-0.8.8-SNAPSHOT.app\mybatis-generator-gui-0.8.8-SNAPSHOT.app\Contents\Java\lib\commons-io-2.5.jar
[INFO] [02:21:45.901] [JavaFX Application Thread] [] com.zzg.mybatis.generator.util.ConfigHelper.getAllJDBCDriverJarPaths:242 --> jar file: D:\mybatis-generator-gui-0.8.8-SNAPSHOT.app\mybatis-generator-gui-0.8.8-SNAPSHOT.app\Contents\Java\lib\commons-lang3-3.4.jar
[INFO] [02:21:45.901] [JavaFX Application Thread] [] com.zzg.mybatis.generator.util.ConfigHelper.getAllJDBCDriverJarPaths:242 --> jar file: D:\mybatis-generator-gui-0.8.8-SNAPSHOT.app\mybatis-generator-gui-0.8.8-SNAPSHOT.app\Contents\Java\lib\commons-logging-1.1.1.jar
[INFO] [02:21:45.902] [JavaFX Application Thread] [] com.zzg.mybatis.generator.util.ConfigHelper.getAllJDBCDriverJarPaths:242 --> jar file: D:\mybatis-generator-gui-0.8.8-SNAPSHOT.app\mybatis-generator-gui-0.8.8-SNAPSHOT.app\Contents\Java\lib\fastjson-1.2.7.jar
[INFO] [02:21:45.902] [JavaFX Application Thread] [] com.zzg.mybatis.generator.util.ConfigHelper.getAllJDBCDriverJarPaths:242 --> jar file: D:\mybatis-generator-gui-0.8.8-SNAPSHOT.app\mybatis-generator-gui-0.8.8-SNAPSHOT.app\Contents\Java\lib\hamcrest-core-1.3.jar
[INFO] [02:21:45.902] [JavaFX Application Thread] [] com.zzg.mybatis.generator.util.ConfigHelper.getAllJDBCDriverJarPaths:242 --> jar file: D:\mybatis-generator-gui-0.8.8-SNAPSHOT.app\mybatis-generator-gui-0.8.8-SNAPSHOT.app\Contents\Java\lib\jsch-0.1.54.jar
[INFO] [02:21:45.903] [JavaFX Application Thread] [] com.zzg.mybatis.generator.util.ConfigHelper.getAllJDBCDriverJarPaths:242 --> jar file: D:\mybatis-generator-gui-0.8.8-SNAPSHOT.app\mybatis-generator-gui-0.8.8-SNAPSHOT.app\Contents\Java\lib\junit-4.13.1.jar
[INFO] [02:21:45.903] [JavaFX Application Thread] [] com.zzg.mybatis.generator.util.ConfigHelper.getAllJDBCDriverJarPaths:242 --> jar file: D:\mybatis-generator-gui-0.8.8-SNAPSHOT.app\mybatis-generator-gui-0.8.8-SNAPSHOT.app\Contents\Java\lib\logback-classic-1.1.2.jar
[INFO] [02:21:45.903] [JavaFX Application Thread] [] com.zzg.mybatis.generator.util.ConfigHelper.getAllJDBCDriverJarPaths:242 --> jar file: D:\mybatis-generator-gui-0.8.8-SNAPSHOT.app\mybatis-generator-gui-0.8.8-SNAPSHOT.app\Contents\Java\lib\logback-core-1.1.2.jar
[INFO] [02:21:45.904] [JavaFX Application Thread] [] com.zzg.mybatis.generator.util.ConfigHelper.getAllJDBCDriverJarPaths:242 --> jar file: D:\mybatis-generator-gui-0.8.8-SNAPSHOT.app\mybatis-generator-gui-0.8.8-SNAPSHOT.app\Contents\Java\lib\mybatis-generator-core-1.3.6.jar
[INFO] [02:21:45.904] [JavaFX Application Thread] [] com.zzg.mybatis.generator.util.ConfigHelper.getAllJDBCDriverJarPaths:242 --> jar file: D:\mybatis-generator-gui-0.8.8-SNAPSHOT.app\mybatis-generator-gui-0.8.8-SNAPSHOT.app\Contents\Java\lib\mybatis-generator-lombok-plugin-1.0.jar
[INFO] [02:21:45.904] [JavaFX Application Thread] [] com.zzg.mybatis.generator.util.ConfigHelper.getAllJDBCDriverJarPaths:242 --> jar file: D:\mybatis-generator-gui-0.8.8-SNAPSHOT.app\mybatis-generator-gui-0.8.8-SNAPSHOT.app\Contents\Java\lib\mysql-connector-java-5.1.38.jar
[INFO] [02:21:45.905] [JavaFX Application Thread] [] com.zzg.mybatis.generator.util.ConfigHelper.getAllJDBCDriverJarPaths:242 --> jar file: D:\mybatis-generator-gui-0.8.8-SNAPSHOT.app\mybatis-generator-gui-0.8.8-SNAPSHOT.app\Contents\Java\lib\mysql-connector-java-8.0.11.jar
[INFO] [02:21:45.905] [JavaFX Application Thread] [] com.zzg.mybatis.generator.util.ConfigHelper.getAllJDBCDriverJarPaths:242 --> jar file: D:\mybatis-generator-gui-0.8.8-SNAPSHOT.app\mybatis-generator-gui-0.8.8-SNAPSHOT.app\Contents\Java\lib\ojdbc6.jar
[INFO] [02:21:45.905] [JavaFX Application Thread] [] com.zzg.mybatis.generator.util.ConfigHelper.getAllJDBCDriverJarPaths:242 --> jar file: D:\mybatis-generator-gui-0.8.8-SNAPSHOT.app\mybatis-generator-gui-0.8.8-SNAPSHOT.app\Contents\Java\lib\postgresql-9.4.1209.jar
[INFO] [02:21:45.905] [JavaFX Application Thread] [] com.zzg.mybatis.generator.util.ConfigHelper.getAllJDBCDriverJarPaths:242 --> jar file: D:\mybatis-generator-gui-0.8.8-SNAPSHOT.app\mybatis-generator-gui-0.8.8-SNAPSHOT.app\Contents\Java\lib\slf4j-api-1.7.25.jar
[INFO] [02:21:45.906] [JavaFX Application Thread] [] com.zzg.mybatis.generator.util.ConfigHelper.getAllJDBCDriverJarPaths:242 --> jar file: D:\mybatis-generator-gui-0.8.8-SNAPSHOT.app\mybatis-generator-gui-0.8.8-SNAPSHOT.app\Contents\Java\lib\sqlite-jdbc-3.19.3.jar
[INFO] [02:21:45.906] [JavaFX Application Thread] [] com.zzg.mybatis.generator.util.ConfigHelper.getAllJDBCDriverJarPaths:242 --> jar file: D:\mybatis-generator-gui-0.8.8-SNAPSHOT.app\mybatis-generator-gui-0.8.8-SNAPSHOT.app\Contents\Java\lib\sqlite-jdbc-3.8.11.2.jar
[INFO] [02:21:45.906] [JavaFX Application Thread] [] com.zzg.mybatis.generator.util.ConfigHelper.getAllJDBCDriverJarPaths:242 --> jar file: D:\mybatis-generator-gui-0.8.8-SNAPSHOT.app\mybatis-generator-gui-0.8.8-SNAPSHOT.app\Contents\Java\lib\sqljdbc4-4.0.jar
[INFO] [02:21:45.912] [JavaFX Application Thread] [] com.zzg.mybatis.generator.util.DbUtil.loadDbDriver:228 --> load driver class: com.mysql.jdbc.Driver@570ac9c9
[INFO] [02:21:45.918] [JavaFX Application Thread] [] com.zzg.mybatis.generator.util.DbUtil.getConnectionUrlWithSchema:214 --> getConnectionUrlWithSchema, connection url: jdbc:mysql://127.0.0.1:3306/Warehouse?useUnicode=true&useSSL=false&characterEncoding=utf8
[INFO] [02:21:46.071] [JavaFX Application Thread] [] com.zzg.mybatis.generator.util.DbUtil.getConnection:139 --> getConnection, connection url: com.mysql.jdbc.JDBC4Connection@3396a991
[INFO] [02:23:38.656] [JavaFX Application Thread] [] com.zzg.mybatis.generator.util.ConfigHelper.findConnectorLibPath:215 --> jar resource: jar:file:/D:/mybatis-generator-gui-0.8.8-SNAPSHOT.app/mybatis-generator-gui-0.8.8-SNAPSHOT.app/Contents/Java/mybatis-generator-gui.jar!/logback.xml
[INFO] [02:23:38.657] [JavaFX Application Thread] [] com.zzg.mybatis.generator.bridge.MybatisGeneratorBridge.generate:66 --> connectorLibPath: D:\mybatis-generator-gui-0.8.8-SNAPSHOT.app\mybatis-generator-gui-0.8.8-SNAPSHOT.app\Contents\Java\lib\mysql-connector-java-5.1.38.jar
[INFO] [02:23:38.660] [JavaFX Application Thread] [] com.zzg.mybatis.generator.util.DbUtil.getConnectionUrlWithSchema:214 --> getConnectionUrlWithSchema, connection url: jdbc:mysql://127.0.0.1:3306/Warehouse?useUnicode=true&useSSL=false&characterEncoding=utf8
[DEBUG] [02:23:38.832] [JavaFX Application Thread] [] org.mybatis.generator.logging.LogFactory.setImplementation:105 --> Logging initialized using 'org.mybatis.generator.logging.slf4j.Slf4jLoggingLogFactory@5221b1aa' adapter.
[DEBUG] [02:23:38.834] [JavaFX Application Thread] [] org.mybatis.generator.internal.db.DatabaseIntrospector.getColumns:506 --> Retrieving column information for table "warehouse.images"
[DEBUG] [02:23:38.846] [JavaFX Application Thread] [] org.mybatis.generator.internal.db.DatabaseIntrospector.getColumns:563 --> Found column "id", data type 4, in table "warehouse..images"
[DEBUG] [02:23:38.846] [JavaFX Application Thread] [] org.mybatis.generator.internal.db.DatabaseIntrospector.getColumns:563 --> Found column "path", data type 12, in table "warehouse..images"
[DEBUG] [02:23:38.847] [JavaFX Application Thread] [] org.mybatis.generator.internal.db.DatabaseIntrospector.getColumns:563 --> Found column "time", data type 91, in table "warehouse..images"
[INFO] [02:43:47.050] [JavaFX Application Thread] [] com.zzg.mybatis.generator.controller.MainUIController.saveGeneratorConfig:365 --> user choose name: WMS
[INFO] [02:43:47.051] [JavaFX Application Thread] [] com.zzg.mybatis.generator.util.ConnectionManager.getConnection:20 --> database FilePath :D:\mybatis-generator-gui-0.8.8-SNAPSHOT.app\mybatis-generator-gui-0.8.8-SNAPSHOT.app\Contents\Java\.\config\sqlite3.db
[INFO] [02:43:47.052] [JavaFX Application Thread] [] com.zzg.mybatis.generator.util.ConfigHelper.deleteGeneratorConfig:204 --> sql: DELETE FROM generator_config where name='WMS'
[INFO] [02:43:47.054] [JavaFX Application Thread] [] com.zzg.mybatis.generator.util.ConnectionManager.getConnection:20 --> database FilePath :D:\mybatis-generator-gui-0.8.8-SNAPSHOT.app\mybatis-generator-gui-0.8.8-SNAPSHOT.app\Contents\Java\.\config\sqlite3.db
[INFO] [02:43:54.031] [JavaFX Application Thread] [] com.zzg.mybatis.generator.util.ConnectionManager.getConnection:20 --> database FilePath :D:\mybatis-generator-gui-0.8.8-SNAPSHOT.app\mybatis-generator-gui-0.8.8-SNAPSHOT.app\Contents\Java\.\config\sqlite3.db
[INFO] [02:43:54.032] [JavaFX Application Thread] [] com.zzg.mybatis.generator.util.ConfigHelper.loadGeneratorConfigs:182 --> sql: SELECT * FROM generator_config
[DEBUG] [02:43:56.866] [JavaFX Application Thread] [] com.zzg.mybatis.generator.controller.GeneratorConfigController.lambda$updateItem$1:75 --> item: wh
[INFO] [02:43:56.868] [JavaFX Application Thread] [] com.zzg.mybatis.generator.util.ConnectionManager.getConnection:20 --> database FilePath :D:\mybatis-generator-gui-0.8.8-SNAPSHOT.app\mybatis-generator-gui-0.8.8-SNAPSHOT.app\Contents\Java\.\config\sqlite3.db
[INFO] [02:43:56.870] [JavaFX Application Thread] [] com.zzg.mybatis.generator.util.ConfigHelper.deleteGeneratorConfig:204 --> sql: DELETE FROM generator_config where name='wh'
[INFO] [02:43:59.341] [JavaFX Application Thread] [] com.zzg.mybatis.generator.util.ConnectionManager.getConnection:20 --> database FilePath :D:\mybatis-generator-gui-0.8.8-SNAPSHOT.app\mybatis-generator-gui-0.8.8-SNAPSHOT.app\Contents\Java\.\config\sqlite3.db
[INFO] [02:43:59.342] [JavaFX Application Thread] [] com.zzg.mybatis.generator.util.ConfigHelper.loadGeneratorConfigs:182 --> sql: SELECT * FROM generator_config
[DEBUG] [02:43:59.358] [JavaFX Application Thread] [] com.zzg.mybatis.generator.controller.GeneratorConfigController.lambda$updateItem$1:75 --> item: WMS
[INFO] [02:43:59.358] [JavaFX Application Thread] [] com.zzg.mybatis.generator.util.ConnectionManager.getConnection:20 --> database FilePath :D:\mybatis-generator-gui-0.8.8-SNAPSHOT.app\mybatis-generator-gui-0.8.8-SNAPSHOT.app\Contents\Java\.\config\sqlite3.db
[INFO] [02:43:59.359] [JavaFX Application Thread] [] com.zzg.mybatis.generator.util.ConfigHelper.deleteGeneratorConfig:204 --> sql: DELETE FROM generator_config where name='WMS'
[INFO] [02:43:59.363] [JavaFX Application Thread] [] com.zzg.mybatis.generator.util.ConnectionManager.getConnection:20 --> database FilePath :D:\mybatis-generator-gui-0.8.8-SNAPSHOT.app\mybatis-generator-gui-0.8.8-SNAPSHOT.app\Contents\Java\.\config\sqlite3.db
[INFO] [02:43:59.364] [JavaFX Application Thread] [] com.zzg.mybatis.generator.util.ConfigHelper.loadGeneratorConfigs:182 --> sql: SELECT * FROM generator_config
[INFO] [02:44:01.069] [JavaFX Application Thread] [] com.zzg.mybatis.generator.util.ConnectionManager.getConnection:20 --> database FilePath :D:\mybatis-generator-gui-0.8.8-SNAPSHOT.app\mybatis-generator-gui-0.8.8-SNAPSHOT.app\Contents\Java\.\config\sqlite3.db
[INFO] [02:44:01.069] [JavaFX Application Thread] [] com.zzg.mybatis.generator.util.ConfigHelper.loadGeneratorConfigs:182 --> sql: SELECT * FROM generator_config
[INFO] [02:44:05.682] [JavaFX Application Thread] [] com.zzg.mybatis.generator.controller.MainUIController.saveGeneratorConfig:365 --> user choose name: wms
[INFO] [02:44:05.682] [JavaFX Application Thread] [] com.zzg.mybatis.generator.util.ConnectionManager.getConnection:20 --> database FilePath :D:\mybatis-generator-gui-0.8.8-SNAPSHOT.app\mybatis-generator-gui-0.8.8-SNAPSHOT.app\Contents\Java\.\config\sqlite3.db
[INFO] [02:44:05.684] [JavaFX Application Thread] [] com.zzg.mybatis.generator.util.ConfigHelper.deleteGeneratorConfig:204 --> sql: DELETE FROM generator_config where name='wms'
[INFO] [02:44:05.687] [JavaFX Application Thread] [] com.zzg.mybatis.generator.util.ConnectionManager.getConnection:20 --> database FilePath :D:\mybatis-generator-gui-0.8.8-SNAPSHOT.app\mybatis-generator-gui-0.8.8-SNAPSHOT.app\Contents\Java\.\config\sqlite3.db
[INFO] [05:57:07.728] [JavaFX Application Thread] [] com.zzg.mybatis.generator.util.ConnectionManager.getConnection:20 --> database FilePath :D:\shixi\rqjc-01\mybatis-generator-gui-0.8.8\Contents\Java\.\config\sqlite3.db
[INFO] [05:57:10.929] [JavaFX Application Thread] [] com.zzg.mybatis.generator.util.ConfigHelper.getAllJDBCDriverJarPaths:238 --> jar lib path: D:\shixi\rqjc-01\mybatis-generator-gui-0.8.8\Contents\Java\lib
[INFO] [05:57:10.930] [JavaFX Application Thread] [] com.zzg.mybatis.generator.util.ConfigHelper.getAllJDBCDriverJarPaths:242 --> jar file: D:\shixi\rqjc-01\mybatis-generator-gui-0.8.8\Contents\Java\lib\commons-beanutils-1.9.2.jar
[INFO] [05:57:10.930] [JavaFX Application Thread] [] com.zzg.mybatis.generator.util.ConfigHelper.getAllJDBCDriverJarPaths:242 --> jar file: D:\shixi\rqjc-01\mybatis-generator-gui-0.8.8\Contents\Java\lib\commons-collections-3.2.1.jar
[INFO] [05:57:10.930] [JavaFX Application Thread] [] com.zzg.mybatis.generator.util.ConfigHelper.getAllJDBCDriverJarPaths:242 --> jar file: D:\shixi\rqjc-01\mybatis-generator-gui-0.8.8\Contents\Java\lib\commons-io-2.5.jar
[INFO] [05:57:10.930] [JavaFX Application Thread] [] com.zzg.mybatis.generator.util.ConfigHelper.getAllJDBCDriverJarPaths:242 --> jar file: D:\shixi\rqjc-01\mybatis-generator-gui-0.8.8\Contents\Java\lib\commons-lang3-3.4.jar
[INFO] [05:57:10.931] [JavaFX Application Thread] [] com.zzg.mybatis.generator.util.ConfigHelper.getAllJDBCDriverJarPaths:242 --> jar file: D:\shixi\rqjc-01\mybatis-generator-gui-0.8.8\Contents\Java\lib\commons-logging-1.1.1.jar
[INFO] [05:57:10.931] [JavaFX Application Thread] [] com.zzg.mybatis.generator.util.ConfigHelper.getAllJDBCDriverJarPaths:242 --> jar file: D:\shixi\rqjc-01\mybatis-generator-gui-0.8.8\Contents\Java\lib\fastjson-1.2.7.jar
[INFO] [05:57:10.931] [JavaFX Application Thread] [] com.zzg.mybatis.generator.util.ConfigHelper.getAllJDBCDriverJarPaths:242 --> jar file: D:\shixi\rqjc-01\mybatis-generator-gui-0.8.8\Contents\Java\lib\hamcrest-core-1.3.jar
[INFO] [05:57:10.931] [JavaFX Application Thread] [] com.zzg.mybatis.generator.util.ConfigHelper.getAllJDBCDriverJarPaths:242 --> jar file: D:\shixi\rqjc-01\mybatis-generator-gui-0.8.8\Contents\Java\lib\jsch-0.1.54.jar
[INFO] [05:57:10.931] [JavaFX Application Thread] [] com.zzg.mybatis.generator.util.ConfigHelper.getAllJDBCDriverJarPaths:242 --> jar file: D:\shixi\rqjc-01\mybatis-generator-gui-0.8.8\Contents\Java\lib\junit-4.13.1.jar
[INFO] [05:57:10.931] [JavaFX Application Thread] [] com.zzg.mybatis.generator.util.ConfigHelper.getAllJDBCDriverJarPaths:242 --> jar file: D:\shixi\rqjc-01\mybatis-generator-gui-0.8.8\Contents\Java\lib\logback-classic-1.1.2.jar
[INFO] [05:57:10.932] [JavaFX Application Thread] [] com.zzg.mybatis.generator.util.ConfigHelper.getAllJDBCDriverJarPaths:242 --> jar file: D:\shixi\rqjc-01\mybatis-generator-gui-0.8.8\Contents\Java\lib\logback-core-1.1.2.jar
[INFO] [05:57:10.932] [JavaFX Application Thread] [] com.zzg.mybatis.generator.util.ConfigHelper.getAllJDBCDriverJarPaths:242 --> jar file: D:\shixi\rqjc-01\mybatis-generator-gui-0.8.8\Contents\Java\lib\mybatis-generator-core-1.3.6.jar
[INFO] [05:57:10.932] [JavaFX Application Thread] [] com.zzg.mybatis.generator.util.ConfigHelper.getAllJDBCDriverJarPaths:242 --> jar file: D:\shixi\rqjc-01\mybatis-generator-gui-0.8.8\Contents\Java\lib\mybatis-generator-lombok-plugin-1.0.jar
[INFO] [05:57:10.933] [JavaFX Application Thread] [] com.zzg.mybatis.generator.util.ConfigHelper.getAllJDBCDriverJarPaths:242 --> jar file: D:\shixi\rqjc-01\mybatis-generator-gui-0.8.8\Contents\Java\lib\mysql-connector-java-5.1.38.jar
[INFO] [05:57:10.933] [JavaFX Application Thread] [] com.zzg.mybatis.generator.util.ConfigHelper.getAllJDBCDriverJarPaths:242 --> jar file: D:\shixi\rqjc-01\mybatis-generator-gui-0.8.8\Contents\Java\lib\mysql-connector-java-8.0.11.jar
[INFO] [05:57:10.934] [JavaFX Application Thread] [] com.zzg.mybatis.generator.util.ConfigHelper.getAllJDBCDriverJarPaths:242 --> jar file: D:\shixi\rqjc-01\mybatis-generator-gui-0.8.8\Contents\Java\lib\ojdbc6.jar
[INFO] [05:57:10.934] [JavaFX Application Thread] [] com.zzg.mybatis.generator.util.ConfigHelper.getAllJDBCDriverJarPaths:242 --> jar file: D:\shixi\rqjc-01\mybatis-generator-gui-0.8.8\Contents\Java\lib\postgresql-9.4.1209.jar
[INFO] [05:57:10.934] [JavaFX Application Thread] [] com.zzg.mybatis.generator.util.ConfigHelper.getAllJDBCDriverJarPaths:242 --> jar file: D:\shixi\rqjc-01\mybatis-generator-gui-0.8.8\Contents\Java\lib\slf4j-api-1.7.25.jar
[INFO] [05:57:10.934] [JavaFX Application Thread] [] com.zzg.mybatis.generator.util.ConfigHelper.getAllJDBCDriverJarPaths:242 --> jar file: D:\shixi\rqjc-01\mybatis-generator-gui-0.8.8\Contents\Java\lib\sqlite-jdbc-3.19.3.jar
[INFO] [05:57:10.935] [JavaFX Application Thread] [] com.zzg.mybatis.generator.util.ConfigHelper.getAllJDBCDriverJarPaths:242 --> jar file: D:\shixi\rqjc-01\mybatis-generator-gui-0.8.8\Contents\Java\lib\sqlite-jdbc-3.8.11.2.jar
[INFO] [05:57:10.935] [JavaFX Application Thread] [] com.zzg.mybatis.generator.util.ConfigHelper.getAllJDBCDriverJarPaths:242 --> jar file: D:\shixi\rqjc-01\mybatis-generator-gui-0.8.8\Contents\Java\lib\sqljdbc4-4.0.jar
[INFO] [05:57:10.942] [JavaFX Application Thread] [] com.zzg.mybatis.generator.util.DbUtil.loadDbDriver:228 --> load driver class: com.mysql.jdbc.Driver@570ac9c9
[INFO] [05:57:10.943] [JavaFX Application Thread] [] com.zzg.mybatis.generator.util.DbUtil.getConnectionUrlWithSchema:214 --> getConnectionUrlWithSchema, connection url: jdbc:mysql://127.0.0.1:3306/Warehouse?useUnicode=true&useSSL=false&characterEncoding=utf8
[INFO] [05:57:11.102] [JavaFX Application Thread] [] com.zzg.mybatis.generator.util.DbUtil.getConnection:139 --> getConnection, connection url: com.mysql.jdbc.JDBC4Connection@3396a991
[INFO] [09:47:29.992] [JavaFX Application Thread] [] com.zzg.mybatis.generator.util.ConnectionManager.getConnection:20 --> database FilePath :D:\shixi\rqjc-01\mybatis-generator-gui-0.8.8\Contents\Java\.\config\sqlite3.db
[INFO] [09:47:53.630] [JavaFX Application Thread] [] com.zzg.mybatis.generator.util.ConfigHelper.getAllJDBCDriverJarPaths:238 --> jar lib path: D:\shixi\rqjc-01\mybatis-generator-gui-0.8.8\Contents\Java\lib
[INFO] [09:47:53.631] [JavaFX Application Thread] [] com.zzg.mybatis.generator.util.ConfigHelper.getAllJDBCDriverJarPaths:242 --> jar file: D:\shixi\rqjc-01\mybatis-generator-gui-0.8.8\Contents\Java\lib\commons-beanutils-1.9.2.jar
[INFO] [09:47:53.631] [JavaFX Application Thread] [] com.zzg.mybatis.generator.util.ConfigHelper.getAllJDBCDriverJarPaths:242 --> jar file: D:\shixi\rqjc-01\mybatis-generator-gui-0.8.8\Contents\Java\lib\commons-collections-3.2.1.jar
[INFO] [09:47:53.632] [JavaFX Application Thread] [] com.zzg.mybatis.generator.util.ConfigHelper.getAllJDBCDriverJarPaths:242 --> jar file: D:\shixi\rqjc-01\mybatis-generator-gui-0.8.8\Contents\Java\lib\commons-io-2.5.jar
[INFO] [09:47:53.632] [JavaFX Application Thread] [] com.zzg.mybatis.generator.util.ConfigHelper.getAllJDBCDriverJarPaths:242 --> jar file: D:\shixi\rqjc-01\mybatis-generator-gui-0.8.8\Contents\Java\lib\commons-lang3-3.4.jar
[INFO] [09:47:53.632] [JavaFX Application Thread] [] com.zzg.mybatis.generator.util.ConfigHelper.getAllJDBCDriverJarPaths:242 --> jar file: D:\shixi\rqjc-01\mybatis-generator-gui-0.8.8\Contents\Java\lib\commons-logging-1.1.1.jar
[INFO] [09:47:53.632] [JavaFX Application Thread] [] com.zzg.mybatis.generator.util.ConfigHelper.getAllJDBCDriverJarPaths:242 --> jar file: D:\shixi\rqjc-01\mybatis-generator-gui-0.8.8\Contents\Java\lib\fastjson-1.2.7.jar
[INFO] [09:47:53.632] [JavaFX Application Thread] [] com.zzg.mybatis.generator.util.ConfigHelper.getAllJDBCDriverJarPaths:242 --> jar file: D:\shixi\rqjc-01\mybatis-generator-gui-0.8.8\Contents\Java\lib\hamcrest-core-1.3.jar
[INFO] [09:47:53.632] [JavaFX Application Thread] [] com.zzg.mybatis.generator.util.ConfigHelper.getAllJDBCDriverJarPaths:242 --> jar file: D:\shixi\rqjc-01\mybatis-generator-gui-0.8.8\Contents\Java\lib\jsch-0.1.54.jar
[INFO] [09:47:53.633] [JavaFX Application Thread] [] com.zzg.mybatis.generator.util.ConfigHelper.getAllJDBCDriverJarPaths:242 --> jar file: D:\shixi\rqjc-01\mybatis-generator-gui-0.8.8\Contents\Java\lib\junit-4.13.1.jar
[INFO] [09:47:53.633] [JavaFX Application Thread] [] com.zzg.mybatis.generator.util.ConfigHelper.getAllJDBCDriverJarPaths:242 --> jar file: D:\shixi\rqjc-01\mybatis-generator-gui-0.8.8\Contents\Java\lib\logback-classic-1.1.2.jar
[INFO] [09:47:53.633] [JavaFX Application Thread] [] com.zzg.mybatis.generator.util.ConfigHelper.getAllJDBCDriverJarPaths:242 --> jar file: D:\shixi\rqjc-01\mybatis-generator-gui-0.8.8\Contents\Java\lib\logback-core-1.1.2.jar
[INFO] [09:47:53.633] [JavaFX Application Thread] [] com.zzg.mybatis.generator.util.ConfigHelper.getAllJDBCDriverJarPaths:242 --> jar file: D:\shixi\rqjc-01\mybatis-generator-gui-0.8.8\Contents\Java\lib\mybatis-generator-core-1.3.6.jar
[INFO] [09:47:53.634] [JavaFX Application Thread] [] com.zzg.mybatis.generator.util.ConfigHelper.getAllJDBCDriverJarPaths:242 --> jar file: D:\shixi\rqjc-01\mybatis-generator-gui-0.8.8\Contents\Java\lib\mybatis-generator-lombok-plugin-1.0.jar
[INFO] [09:47:53.634] [JavaFX Application Thread] [] com.zzg.mybatis.generator.util.ConfigHelper.getAllJDBCDriverJarPaths:242 --> jar file: D:\shixi\rqjc-01\mybatis-generator-gui-0.8.8\Contents\Java\lib\mysql-connector-java-5.1.38.jar
[INFO] [09:47:53.635] [JavaFX Application Thread] [] com.zzg.mybatis.generator.util.ConfigHelper.getAllJDBCDriverJarPaths:242 --> jar file: D:\shixi\rqjc-01\mybatis-generator-gui-0.8.8\Contents\Java\lib\mysql-connector-java-8.0.11.jar
[INFO] [09:47:53.635] [JavaFX Application Thread] [] com.zzg.mybatis.generator.util.ConfigHelper.getAllJDBCDriverJarPaths:242 --> jar file: D:\shixi\rqjc-01\mybatis-generator-gui-0.8.8\Contents\Java\lib\ojdbc6.jar
[INFO] [09:47:53.635] [JavaFX Application Thread] [] com.zzg.mybatis.generator.util.ConfigHelper.getAllJDBCDriverJarPaths:242 --> jar file: D:\shixi\rqjc-01\mybatis-generator-gui-0.8.8\Contents\Java\lib\postgresql-9.4.1209.jar
[INFO] [09:47:53.636] [JavaFX Application Thread] [] com.zzg.mybatis.generator.util.ConfigHelper.getAllJDBCDriverJarPaths:242 --> jar file: D:\shixi\rqjc-01\mybatis-generator-gui-0.8.8\Contents\Java\lib\slf4j-api-1.7.25.jar
[INFO] [09:47:53.636] [JavaFX Application Thread] [] com.zzg.mybatis.generator.util.ConfigHelper.getAllJDBCDriverJarPaths:242 --> jar file: D:\shixi\rqjc-01\mybatis-generator-gui-0.8.8\Contents\Java\lib\sqlite-jdbc-3.19.3.jar
[INFO] [09:47:53.636] [JavaFX Application Thread] [] com.zzg.mybatis.generator.util.ConfigHelper.getAllJDBCDriverJarPaths:242 --> jar file: D:\shixi\rqjc-01\mybatis-generator-gui-0.8.8\Contents\Java\lib\sqlite-jdbc-3.8.11.2.jar
[INFO] [09:47:53.637] [JavaFX Application Thread] [] com.zzg.mybatis.generator.util.ConfigHelper.getAllJDBCDriverJarPaths:242 --> jar file: D:\shixi\rqjc-01\mybatis-generator-gui-0.8.8\Contents\Java\lib\sqljdbc4-4.0.jar
[INFO] [09:47:53.642] [JavaFX Application Thread] [] com.zzg.mybatis.generator.util.DbUtil.loadDbDriver:228 --> load driver class: com.mysql.jdbc.Driver@6e4ce939
[INFO] [09:47:53.643] [JavaFX Application Thread] [] com.zzg.mybatis.generator.util.DbUtil.getConnectionUrlWithSchema:214 --> getConnectionUrlWithSchema, connection url: jdbc:mysql://127.0.0.1:3306/Warehouse?useUnicode=true&useSSL=false&characterEncoding=utf8
[INFO] [09:47:53.801] [JavaFX Application Thread] [] com.zzg.mybatis.generator.util.DbUtil.getConnection:139 --> getConnection, connection url: com.mysql.jdbc.JDBC4Connection@9a00818
[INFO] [09:48:04.227] [JavaFX Application Thread] [] com.zzg.mybatis.generator.util.ConnectionManager.getConnection:20 --> database FilePath :D:\shixi\rqjc-01\mybatis-generator-gui-0.8.8\Contents\Java\.\config\sqlite3.db
[INFO] [09:48:04.228] [JavaFX Application Thread] [] com.zzg.mybatis.generator.util.ConfigHelper.loadGeneratorConfigs:182 --> sql: SELECT * FROM generator_config
[INFO] [09:48:05.938] [JavaFX Application Thread] [] com.zzg.mybatis.generator.util.ConnectionManager.getConnection:20 --> database FilePath :D:\shixi\rqjc-01\mybatis-generator-gui-0.8.8\Contents\Java\.\config\sqlite3.db
[INFO] [09:48:05.939] [JavaFX Application Thread] [] com.zzg.mybatis.generator.util.ConfigHelper.loadGeneratorConfig:159 --> sql: SELECT * FROM generator_config where name='wms'
[INFO] [09:50:30.899] [JavaFX Application Thread] [] com.zzg.mybatis.generator.util.ConfigHelper.findConnectorLibPath:215 --> jar resource: jar:file:/D:/shixi/rqjc-01/mybatis-generator-gui-0.8.8/Contents/Java/mybatis-generator-gui.jar!/logback.xml
[INFO] [09:50:30.901] [JavaFX Application Thread] [] com.zzg.mybatis.generator.bridge.MybatisGeneratorBridge.generate:66 --> connectorLibPath: D:\shixi\rqjc-01\mybatis-generator-gui-0.8.8\Contents\Java\lib\mysql-connector-java-5.1.38.jar
[INFO] [09:50:30.905] [JavaFX Application Thread] [] com.zzg.mybatis.generator.util.DbUtil.getConnectionUrlWithSchema:214 --> getConnectionUrlWithSchema, connection url: jdbc:mysql://127.0.0.1:3306/Warehouse?useUnicode=true&useSSL=false&characterEncoding=utf8
[DEBUG] [09:50:31.065] [JavaFX Application Thread] [] org.mybatis.generator.logging.LogFactory.setImplementation:105 --> Logging initialized using 'org.mybatis.generator.logging.slf4j.Slf4jLoggingLogFactory@54d74900' adapter.
[DEBUG] [09:50:31.066] [JavaFX Application Thread] [] org.mybatis.generator.internal.db.DatabaseIntrospector.getColumns:506 --> Retrieving column information for table "warehouse.api"
[DEBUG] [09:50:31.080] [JavaFX Application Thread] [] org.mybatis.generator.internal.db.DatabaseIntrospector.getColumns:563 --> Found column "id", data type 4, in table "warehouse..api"
[DEBUG] [09:50:31.080] [JavaFX Application Thread] [] org.mybatis.generator.internal.db.DatabaseIntrospector.getColumns:563 --> Found column "path", data type 12, in table "warehouse..api"
[DEBUG] [09:50:31.081] [JavaFX Application Thread] [] org.mybatis.generator.internal.db.DatabaseIntrospector.getColumns:563 --> Found column "name", data type 12, in table "warehouse..api"
[INFO] [09:50:59.234] [JavaFX Application Thread] [] com.zzg.mybatis.generator.util.ConfigHelper.findConnectorLibPath:215 --> jar resource: jar:file:/D:/shixi/rqjc-01/mybatis-generator-gui-0.8.8/Contents/Java/mybatis-generator-gui.jar!/logback.xml
[INFO] [09:50:59.235] [JavaFX Application Thread] [] com.zzg.mybatis.generator.bridge.MybatisGeneratorBridge.generate:66 --> connectorLibPath: D:\shixi\rqjc-01\mybatis-generator-gui-0.8.8\Contents\Java\lib\mysql-connector-java-5.1.38.jar
[INFO] [09:50:59.238] [JavaFX Application Thread] [] com.zzg.mybatis.generator.util.DbUtil.getConnectionUrlWithSchema:214 --> getConnectionUrlWithSchema, connection url: jdbc:mysql://127.0.0.1:3306/Warehouse?useUnicode=true&useSSL=false&characterEncoding=utf8
[DEBUG] [09:50:59.411] [JavaFX Application Thread] [] org.mybatis.generator.internal.db.DatabaseIntrospector.getColumns:506 --> Retrieving column information for table "warehouse.api"
[DEBUG] [09:50:59.421] [JavaFX Application Thread] [] org.mybatis.generator.internal.db.DatabaseIntrospector.getColumns:563 --> Found column "id", data type 4, in table "warehouse..api"
[DEBUG] [09:50:59.421] [JavaFX Application Thread] [] org.mybatis.generator.internal.db.DatabaseIntrospector.getColumns:563 --> Found column "path", data type 12, in table "warehouse..api"
[DEBUG] [09:50:59.424] [JavaFX Application Thread] [] org.mybatis.generator.internal.db.DatabaseIntrospector.getColumns:563 --> Found column "name", data type 12, in table "warehouse..api"
[INFO] [09:51:21.480] [JavaFX Application Thread] [] com.zzg.mybatis.generator.controller.MainUIController.saveGeneratorConfig:365 --> user choose name: wms
[INFO] [09:51:21.481] [JavaFX Application Thread] [] com.zzg.mybatis.generator.util.ConnectionManager.getConnection:20 --> database FilePath :D:\shixi\rqjc-01\mybatis-generator-gui-0.8.8\Contents\Java\.\config\sqlite3.db
[INFO] [09:51:21.483] [JavaFX Application Thread] [] com.zzg.mybatis.generator.util.ConfigHelper.deleteGeneratorConfig:204 --> sql: DELETE FROM generator_config where name='wms'
[INFO] [09:51:21.494] [JavaFX Application Thread] [] com.zzg.mybatis.generator.util.ConnectionManager.getConnection:20 --> database FilePath :D:\shixi\rqjc-01\mybatis-generator-gui-0.8.8\Contents\Java\.\config\sqlite3.db
[INFO] [09:51:22.525] [JavaFX Application Thread] [] com.zzg.mybatis.generator.util.ConnectionManager.getConnection:20 --> database FilePath :D:\shixi\rqjc-01\mybatis-generator-gui-0.8.8\Contents\Java\.\config\sqlite3.db
[INFO] [09:51:22.526] [JavaFX Application Thread] [] com.zzg.mybatis.generator.util.ConfigHelper.loadGeneratorConfigs:182 --> sql: SELECT * FROM generator_config
[INFO] [09:51:25.642] [JavaFX Application Thread] [] com.zzg.mybatis.generator.util.ConfigHelper.findConnectorLibPath:215 --> jar resource: jar:file:/D:/shixi/rqjc-01/mybatis-generator-gui-0.8.8/Contents/Java/mybatis-generator-gui.jar!/logback.xml
[INFO] [09:51:25.643] [JavaFX Application Thread] [] com.zzg.mybatis.generator.bridge.MybatisGeneratorBridge.generate:66 --> connectorLibPath: D:\shixi\rqjc-01\mybatis-generator-gui-0.8.8\Contents\Java\lib\mysql-connector-java-5.1.38.jar
[INFO] [09:51:25.645] [JavaFX Application Thread] [] com.zzg.mybatis.generator.util.DbUtil.getConnectionUrlWithSchema:214 --> getConnectionUrlWithSchema, connection url: jdbc:mysql://127.0.0.1:3306/Warehouse?useUnicode=true&useSSL=false&characterEncoding=utf8
[DEBUG] [09:51:25.783] [JavaFX Application Thread] [] org.mybatis.generator.internal.db.DatabaseIntrospector.getColumns:506 --> Retrieving column information for table "warehouse.department"
[DEBUG] [09:51:25.792] [JavaFX Application Thread] [] org.mybatis.generator.internal.db.DatabaseIntrospector.getColumns:563 --> Found column "id", data type 4, in table "warehouse..department"
[DEBUG] [09:51:25.792] [JavaFX Application Thread] [] org.mybatis.generator.internal.db.DatabaseIntrospector.getColumns:563 --> Found column "name", data type 12, in table "warehouse..department"
[INFO] [09:51:28.489] [JavaFX Application Thread] [] com.zzg.mybatis.generator.util.ConfigHelper.findConnectorLibPath:215 --> jar resource: jar:file:/D:/shixi/rqjc-01/mybatis-generator-gui-0.8.8/Contents/Java/mybatis-generator-gui.jar!/logback.xml
[INFO] [09:51:28.490] [JavaFX Application Thread] [] com.zzg.mybatis.generator.bridge.MybatisGeneratorBridge.generate:66 --> connectorLibPath: D:\shixi\rqjc-01\mybatis-generator-gui-0.8.8\Contents\Java\lib\mysql-connector-java-5.1.38.jar
[INFO] [09:51:28.492] [JavaFX Application Thread] [] com.zzg.mybatis.generator.util.DbUtil.getConnectionUrlWithSchema:214 --> getConnectionUrlWithSchema, connection url: jdbc:mysql://127.0.0.1:3306/Warehouse?useUnicode=true&useSSL=false&characterEncoding=utf8
[DEBUG] [09:51:28.636] [JavaFX Application Thread] [] org.mybatis.generator.internal.db.DatabaseIntrospector.getColumns:506 --> Retrieving column information for table "warehouse.department"
[DEBUG] [09:51:28.649] [JavaFX Application Thread] [] org.mybatis.generator.internal.db.DatabaseIntrospector.getColumns:563 --> Found column "id", data type 4, in table "warehouse..department"
[DEBUG] [09:51:28.649] [JavaFX Application Thread] [] org.mybatis.generator.internal.db.DatabaseIntrospector.getColumns:563 --> Found column "name", data type 12, in table "warehouse..department"
[INFO] [09:51:31.345] [JavaFX Application Thread] [] com.zzg.mybatis.generator.util.ConfigHelper.findConnectorLibPath:215 --> jar resource: jar:file:/D:/shixi/rqjc-01/mybatis-generator-gui-0.8.8/Contents/Java/mybatis-generator-gui.jar!/logback.xml
[INFO] [09:51:31.346] [JavaFX Application Thread] [] com.zzg.mybatis.generator.bridge.MybatisGeneratorBridge.generate:66 --> connectorLibPath: D:\shixi\rqjc-01\mybatis-generator-gui-0.8.8\Contents\Java\lib\mysql-connector-java-5.1.38.jar
[INFO] [09:51:31.348] [JavaFX Application Thread] [] com.zzg.mybatis.generator.util.DbUtil.getConnectionUrlWithSchema:214 --> getConnectionUrlWithSchema, connection url: jdbc:mysql://127.0.0.1:3306/Warehouse?useUnicode=true&useSSL=false&characterEncoding=utf8
[DEBUG] [09:51:31.486] [JavaFX Application Thread] [] org.mybatis.generator.internal.db.DatabaseIntrospector.getColumns:506 --> Retrieving column information for table "warehouse.token"
[DEBUG] [09:51:31.496] [JavaFX Application Thread] [] org.mybatis.generator.internal.db.DatabaseIntrospector.getColumns:563 --> Found column "user_id", data type 4, in table "warehouse..token"
[DEBUG] [09:51:31.496] [JavaFX Application Thread] [] org.mybatis.generator.internal.db.DatabaseIntrospector.getColumns:563 --> Found column "value", data type 12, in table "warehouse..token"
[DEBUG] [09:51:31.497] [JavaFX Application Thread] [] org.mybatis.generator.internal.db.DatabaseIntrospector.getColumns:563 --> Found column "time", data type 91, in table "warehouse..token"
[INFO] [09:51:35.081] [JavaFX Application Thread] [] com.zzg.mybatis.generator.util.ConfigHelper.findConnectorLibPath:215 --> jar resource: jar:file:/D:/shixi/rqjc-01/mybatis-generator-gui-0.8.8/Contents/Java/mybatis-generator-gui.jar!/logback.xml
[INFO] [09:51:35.082] [JavaFX Application Thread] [] com.zzg.mybatis.generator.bridge.MybatisGeneratorBridge.generate:66 --> connectorLibPath: D:\shixi\rqjc-01\mybatis-generator-gui-0.8.8\Contents\Java\lib\mysql-connector-java-5.1.38.jar
[INFO] [09:51:35.084] [JavaFX Application Thread] [] com.zzg.mybatis.generator.util.DbUtil.getConnectionUrlWithSchema:214 --> getConnectionUrlWithSchema, connection url: jdbc:mysql://127.0.0.1:3306/Warehouse?useUnicode=true&useSSL=false&characterEncoding=utf8
[DEBUG] [09:51:35.221] [JavaFX Application Thread] [] org.mybatis.generator.internal.db.DatabaseIntrospector.getColumns:506 --> Retrieving column information for table "warehouse.user"
[DEBUG] [09:51:35.232] [JavaFX Application Thread] [] org.mybatis.generator.internal.db.DatabaseIntrospector.getColumns:563 --> Found column "id", data type 4, in table "warehouse..user"
[DEBUG] [09:51:35.232] [JavaFX Application Thread] [] org.mybatis.generator.internal.db.DatabaseIntrospector.getColumns:563 --> Found column "username", data type 12, in table "warehouse..user"
[DEBUG] [09:51:35.233] [JavaFX Application Thread] [] org.mybatis.generator.internal.db.DatabaseIntrospector.getColumns:563 --> Found column "password", data type 12, in table "warehouse..user"
[DEBUG] [09:51:35.233] [JavaFX Application Thread] [] org.mybatis.generator.internal.db.DatabaseIntrospector.getColumns:563 --> Found column "email", data type 12, in table "warehouse..user"
[DEBUG] [09:51:35.233] [JavaFX Application Thread] [] org.mybatis.generator.internal.db.DatabaseIntrospector.getColumns:563 --> Found column "user_group", data type 4, in table "warehouse..user"
[INFO] [09:51:37.945] [JavaFX Application Thread] [] com.zzg.mybatis.generator.util.ConfigHelper.findConnectorLibPath:215 --> jar resource: jar:file:/D:/shixi/rqjc-01/mybatis-generator-gui-0.8.8/Contents/Java/mybatis-generator-gui.jar!/logback.xml
[INFO] [09:51:37.945] [JavaFX Application Thread] [] com.zzg.mybatis.generator.bridge.MybatisGeneratorBridge.generate:66 --> connectorLibPath: D:\shixi\rqjc-01\mybatis-generator-gui-0.8.8\Contents\Java\lib\mysql-connector-java-5.1.38.jar
[INFO] [09:51:37.948] [JavaFX Application Thread] [] com.zzg.mybatis.generator.util.DbUtil.getConnectionUrlWithSchema:214 --> getConnectionUrlWithSchema, connection url: jdbc:mysql://127.0.0.1:3306/Warehouse?useUnicode=true&useSSL=false&characterEncoding=utf8
[DEBUG] [09:51:38.094] [JavaFX Application Thread] [] org.mybatis.generator.internal.db.DatabaseIntrospector.getColumns:506 --> Retrieving column information for table "warehouse.user_group"
[DEBUG] [09:51:38.107] [JavaFX Application Thread] [] org.mybatis.generator.internal.db.DatabaseIntrospector.getColumns:563 --> Found column "id", data type 4, in table "warehouse..user_group"
[DEBUG] [09:51:38.108] [JavaFX Application Thread] [] org.mybatis.generator.internal.db.DatabaseIntrospector.getColumns:563 --> Found column "name", data type 12, in table "warehouse..user_group"
[DEBUG] [09:51:38.108] [JavaFX Application Thread] [] org.mybatis.generator.internal.db.DatabaseIntrospector.getColumns:563 --> Found column "rights", data type 12, in table "warehouse..user_group"
[INFO] [09:51:41.761] [JavaFX Application Thread] [] com.zzg.mybatis.generator.util.ConfigHelper.findConnectorLibPath:215 --> jar resource: jar:file:/D:/shixi/rqjc-01/mybatis-generator-gui-0.8.8/Contents/Java/mybatis-generator-gui.jar!/logback.xml
[INFO] [09:51:41.761] [JavaFX Application Thread] [] com.zzg.mybatis.generator.bridge.MybatisGeneratorBridge.generate:66 --> connectorLibPath: D:\shixi\rqjc-01\mybatis-generator-gui-0.8.8\Contents\Java\lib\mysql-connector-java-5.1.38.jar
[INFO] [09:51:41.764] [JavaFX Application Thread] [] com.zzg.mybatis.generator.util.DbUtil.getConnectionUrlWithSchema:214 --> getConnectionUrlWithSchema, connection url: jdbc:mysql://127.0.0.1:3306/Warehouse?useUnicode=true&useSSL=false&characterEncoding=utf8
[DEBUG] [09:51:41.901] [JavaFX Application Thread] [] org.mybatis.generator.internal.db.DatabaseIntrospector.getColumns:506 --> Retrieving column information for table "warehouse.warehouse"
[DEBUG] [09:51:41.911] [JavaFX Application Thread] [] org.mybatis.generator.internal.db.DatabaseIntrospector.getColumns:563 --> Found column "id", data type 4, in table "warehouse..warehouse"
[DEBUG] [09:51:41.911] [JavaFX Application Thread] [] org.mybatis.generator.internal.db.DatabaseIntrospector.getColumns:563 --> Found column "name", data type 12, in table "warehouse..warehouse"
[DEBUG] [09:51:41.912] [JavaFX Application Thread] [] org.mybatis.generator.internal.db.DatabaseIntrospector.getColumns:563 --> Found column "department", data type 4, in table "warehouse..warehouse"
[INFO] [15:29:11.321] [JavaFX Application Thread] [] com.zzg.mybatis.generator.util.ConfigHelper.findConnectorLibPath:215 --> jar resource: jar:file:/D:/shixi/rqjc-01/mybatis-generator-gui-0.8.8/Contents/Java/mybatis-generator-gui.jar!/logback.xml
[INFO] [15:29:11.329] [JavaFX Application Thread] [] com.zzg.mybatis.generator.bridge.MybatisGeneratorBridge.generate:66 --> connectorLibPath: D:\shixi\rqjc-01\mybatis-generator-gui-0.8.8\Contents\Java\lib\mysql-connector-java-5.1.38.jar
[INFO] [15:29:11.330] [JavaFX Application Thread] [] com.zzg.mybatis.generator.util.DbUtil.getConnectionUrlWithSchema:214 --> getConnectionUrlWithSchema, connection url: jdbc:mysql://127.0.0.1:3306/Warehouse?useUnicode=true&useSSL=false&characterEncoding=utf8
[DEBUG] [15:29:11.510] [JavaFX Application Thread] [] org.mybatis.generator.internal.db.DatabaseIntrospector.getColumns:506 --> Retrieving column information for table "warehouse.intrusion"
[DEBUG] [15:29:11.528] [JavaFX Application Thread] [] org.mybatis.generator.internal.db.DatabaseIntrospector.getColumns:563 --> Found column "id", data type 4, in table "warehouse..intrusion"
[DEBUG] [15:29:11.529] [JavaFX Application Thread] [] org.mybatis.generator.internal.db.DatabaseIntrospector.getColumns:563 --> Found column "time", data type 91, in table "warehouse..intrusion"
[DEBUG] [15:29:11.529] [JavaFX Application Thread] [] org.mybatis.generator.internal.db.DatabaseIntrospector.getColumns:563 --> Found column "warehouse", data type 4, in table "warehouse..intrusion"
[DEBUG] [15:29:11.529] [JavaFX Application Thread] [] org.mybatis.generator.internal.db.DatabaseIntrospector.getColumns:563 --> Found column "path", data type 12, in table "warehouse..intrusion"
