[INFO] [17:50:26.056] [JavaFX Application Thread] [] com.zzg.mybatis.generator.util.ConnectionManager.getConnection:20 --> database FilePath :D:\mybatis-generator-gui-0.8.8-SNAPSHOT.app\mybatis-generator-gui-0.8.8-SNAPSHOT.app\Contents\Java\.\config\sqlite3.db
[INFO] [17:50:29.024] [JavaFX Application Thread] [] com.zzg.mybatis.generator.util.ConfigHelper.getAllJDBCDriverJarPaths:238 --> jar lib path: D:\mybatis-generator-gui-0.8.8-SNAPSHOT.app\mybatis-generator-gui-0.8.8-SNAPSHOT.app\Contents\Java\lib
[INFO] [17:50:29.025] [JavaFX Application Thread] [] com.zzg.mybatis.generator.util.ConfigHelper.getAllJDBCDriverJarPaths:242 --> jar file: D:\mybatis-generator-gui-0.8.8-SNAPSHOT.app\mybatis-generator-gui-0.8.8-SNAPSHOT.app\Contents\Java\lib\commons-beanutils-1.9.2.jar
[INFO] [17:50:29.025] [JavaFX Application Thread] [] com.zzg.mybatis.generator.util.ConfigHelper.getAllJDBCDriverJarPaths:242 --> jar file: D:\mybatis-generator-gui-0.8.8-SNAPSHOT.app\mybatis-generator-gui-0.8.8-SNAPSHOT.app\Contents\Java\lib\commons-collections-3.2.1.jar
[INFO] [17:50:29.028] [JavaFX Application Thread] [] com.zzg.mybatis.generator.util.ConfigHelper.getAllJDBCDriverJarPaths:242 --> jar file: D:\mybatis-generator-gui-0.8.8-SNAPSHOT.app\mybatis-generator-gui-0.8.8-SNAPSHOT.app\Contents\Java\lib\commons-io-2.5.jar
[INFO] [17:50:29.030] [JavaFX Application Thread] [] com.zzg.mybatis.generator.util.ConfigHelper.getAllJDBCDriverJarPaths:242 --> jar file: D:\mybatis-generator-gui-0.8.8-SNAPSHOT.app\mybatis-generator-gui-0.8.8-SNAPSHOT.app\Contents\Java\lib\commons-lang3-3.4.jar
[INFO] [17:50:29.033] [JavaFX Application Thread] [] com.zzg.mybatis.generator.util.ConfigHelper.getAllJDBCDriverJarPaths:242 --> jar file: D:\mybatis-generator-gui-0.8.8-SNAPSHOT.app\mybatis-generator-gui-0.8.8-SNAPSHOT.app\Contents\Java\lib\commons-logging-1.1.1.jar
[INFO] [17:50:29.036] [JavaFX Application Thread] [] com.zzg.mybatis.generator.util.ConfigHelper.getAllJDBCDriverJarPaths:242 --> jar file: D:\mybatis-generator-gui-0.8.8-SNAPSHOT.app\mybatis-generator-gui-0.8.8-SNAPSHOT.app\Contents\Java\lib\fastjson-1.2.7.jar
[INFO] [17:50:29.041] [JavaFX Application Thread] [] com.zzg.mybatis.generator.util.ConfigHelper.getAllJDBCDriverJarPaths:242 --> jar file: D:\mybatis-generator-gui-0.8.8-SNAPSHOT.app\mybatis-generator-gui-0.8.8-SNAPSHOT.app\Contents\Java\lib\hamcrest-core-1.3.jar
[INFO] [17:50:29.043] [JavaFX Application Thread] [] com.zzg.mybatis.generator.util.ConfigHelper.getAllJDBCDriverJarPaths:242 --> jar file: D:\mybatis-generator-gui-0.8.8-SNAPSHOT.app\mybatis-generator-gui-0.8.8-SNAPSHOT.app\Contents\Java\lib\jsch-0.1.54.jar
[INFO] [17:50:29.046] [JavaFX Application Thread] [] com.zzg.mybatis.generator.util.ConfigHelper.getAllJDBCDriverJarPaths:242 --> jar file: D:\mybatis-generator-gui-0.8.8-SNAPSHOT.app\mybatis-generator-gui-0.8.8-SNAPSHOT.app\Contents\Java\lib\junit-4.13.1.jar
[INFO] [17:50:29.050] [JavaFX Application Thread] [] com.zzg.mybatis.generator.util.ConfigHelper.getAllJDBCDriverJarPaths:242 --> jar file: D:\mybatis-generator-gui-0.8.8-SNAPSHOT.app\mybatis-generator-gui-0.8.8-SNAPSHOT.app\Contents\Java\lib\logback-classic-1.1.2.jar
[INFO] [17:50:29.053] [JavaFX Application Thread] [] com.zzg.mybatis.generator.util.ConfigHelper.getAllJDBCDriverJarPaths:242 --> jar file: D:\mybatis-generator-gui-0.8.8-SNAPSHOT.app\mybatis-generator-gui-0.8.8-SNAPSHOT.app\Contents\Java\lib\logback-core-1.1.2.jar
[INFO] [17:50:29.056] [JavaFX Application Thread] [] com.zzg.mybatis.generator.util.ConfigHelper.getAllJDBCDriverJarPaths:242 --> jar file: D:\mybatis-generator-gui-0.8.8-SNAPSHOT.app\mybatis-generator-gui-0.8.8-SNAPSHOT.app\Contents\Java\lib\mybatis-generator-core-1.3.6.jar
[INFO] [17:50:29.058] [JavaFX Application Thread] [] com.zzg.mybatis.generator.util.ConfigHelper.getAllJDBCDriverJarPaths:242 --> jar file: D:\mybatis-generator-gui-0.8.8-SNAPSHOT.app\mybatis-generator-gui-0.8.8-SNAPSHOT.app\Contents\Java\lib\mybatis-generator-lombok-plugin-1.0.jar
[INFO] [17:50:29.061] [JavaFX Application Thread] [] com.zzg.mybatis.generator.util.ConfigHelper.getAllJDBCDriverJarPaths:242 --> jar file: D:\mybatis-generator-gui-0.8.8-SNAPSHOT.app\mybatis-generator-gui-0.8.8-SNAPSHOT.app\Contents\Java\lib\mysql-connector-java-5.1.38.jar
[INFO] [17:50:29.063] [JavaFX Application Thread] [] com.zzg.mybatis.generator.util.ConfigHelper.getAllJDBCDriverJarPaths:242 --> jar file: D:\mybatis-generator-gui-0.8.8-SNAPSHOT.app\mybatis-generator-gui-0.8.8-SNAPSHOT.app\Contents\Java\lib\mysql-connector-java-8.0.11.jar
[INFO] [17:50:29.068] [JavaFX Application Thread] [] com.zzg.mybatis.generator.util.ConfigHelper.getAllJDBCDriverJarPaths:242 --> jar file: D:\mybatis-generator-gui-0.8.8-SNAPSHOT.app\mybatis-generator-gui-0.8.8-SNAPSHOT.app\Contents\Java\lib\ojdbc6.jar
[INFO] [17:50:29.075] [JavaFX Application Thread] [] com.zzg.mybatis.generator.util.ConfigHelper.getAllJDBCDriverJarPaths:242 --> jar file: D:\mybatis-generator-gui-0.8.8-SNAPSHOT.app\mybatis-generator-gui-0.8.8-SNAPSHOT.app\Contents\Java\lib\postgresql-9.4.1209.jar
[INFO] [17:50:29.077] [JavaFX Application Thread] [] com.zzg.mybatis.generator.util.ConfigHelper.getAllJDBCDriverJarPaths:242 --> jar file: D:\mybatis-generator-gui-0.8.8-SNAPSHOT.app\mybatis-generator-gui-0.8.8-SNAPSHOT.app\Contents\Java\lib\slf4j-api-1.7.25.jar
[INFO] [17:50:29.081] [JavaFX Application Thread] [] com.zzg.mybatis.generator.util.ConfigHelper.getAllJDBCDriverJarPaths:242 --> jar file: D:\mybatis-generator-gui-0.8.8-SNAPSHOT.app\mybatis-generator-gui-0.8.8-SNAPSHOT.app\Contents\Java\lib\sqlite-jdbc-3.19.3.jar
[INFO] [17:50:29.084] [JavaFX Application Thread] [] com.zzg.mybatis.generator.util.ConfigHelper.getAllJDBCDriverJarPaths:242 --> jar file: D:\mybatis-generator-gui-0.8.8-SNAPSHOT.app\mybatis-generator-gui-0.8.8-SNAPSHOT.app\Contents\Java\lib\sqlite-jdbc-3.8.11.2.jar
[INFO] [17:50:29.087] [JavaFX Application Thread] [] com.zzg.mybatis.generator.util.ConfigHelper.getAllJDBCDriverJarPaths:242 --> jar file: D:\mybatis-generator-gui-0.8.8-SNAPSHOT.app\mybatis-generator-gui-0.8.8-SNAPSHOT.app\Contents\Java\lib\sqljdbc4-4.0.jar
[INFO] [17:50:29.097] [JavaFX Application Thread] [] com.zzg.mybatis.generator.util.DbUtil.loadDbDriver:228 --> load driver class: com.mysql.jdbc.Driver@1619d131
[INFO] [17:50:29.100] [JavaFX Application Thread] [] com.zzg.mybatis.generator.util.DbUtil.getConnectionUrlWithSchema:214 --> getConnectionUrlWithSchema, connection url: jdbc:mysql://127.0.0.1:3306/Warehouse?useUnicode=true&useSSL=false&characterEncoding=utf8
[INFO] [17:50:29.287] [JavaFX Application Thread] [] com.zzg.mybatis.generator.util.DbUtil.getConnection:139 --> getConnection, connection url: com.mysql.jdbc.JDBC4Connection@3b251655
[INFO] [17:52:11.080] [JavaFX Application Thread] [] com.zzg.mybatis.generator.controller.MainUIController.saveGeneratorConfig:365 --> user choose name: wh
[INFO] [17:52:11.081] [JavaFX Application Thread] [] com.zzg.mybatis.generator.util.ConnectionManager.getConnection:20 --> database FilePath :D:\mybatis-generator-gui-0.8.8-SNAPSHOT.app\mybatis-generator-gui-0.8.8-SNAPSHOT.app\Contents\Java\.\config\sqlite3.db
[INFO] [17:52:11.086] [JavaFX Application Thread] [] com.zzg.mybatis.generator.util.ConfigHelper.deleteGeneratorConfig:204 --> sql: DELETE FROM generator_config where name='wh'
[INFO] [17:52:11.089] [JavaFX Application Thread] [] com.zzg.mybatis.generator.util.ConnectionManager.getConnection:20 --> database FilePath :D:\mybatis-generator-gui-0.8.8-SNAPSHOT.app\mybatis-generator-gui-0.8.8-SNAPSHOT.app\Contents\Java\.\config\sqlite3.db
[INFO] [17:52:24.862] [JavaFX Application Thread] [] com.zzg.mybatis.generator.util.ConfigHelper.findConnectorLibPath:215 --> jar resource: jar:file:/D:/mybatis-generator-gui-0.8.8-SNAPSHOT.app/mybatis-generator-gui-0.8.8-SNAPSHOT.app/Contents/Java/mybatis-generator-gui.jar!/logback.xml
[INFO] [17:52:24.863] [JavaFX Application Thread] [] com.zzg.mybatis.generator.bridge.MybatisGeneratorBridge.generate:66 --> connectorLibPath: D:\mybatis-generator-gui-0.8.8-SNAPSHOT.app\mybatis-generator-gui-0.8.8-SNAPSHOT.app\Contents\Java\lib\mysql-connector-java-5.1.38.jar
[INFO] [17:52:24.871] [JavaFX Application Thread] [] com.zzg.mybatis.generator.util.DbUtil.getConnectionUrlWithSchema:214 --> getConnectionUrlWithSchema, connection url: jdbc:mysql://127.0.0.1:3306/Warehouse?useUnicode=true&useSSL=false&characterEncoding=utf8
[DEBUG] [17:52:25.050] [JavaFX Application Thread] [] org.mybatis.generator.logging.LogFactory.setImplementation:105 --> Logging initialized using 'org.mybatis.generator.logging.slf4j.Slf4jLoggingLogFactory@6a69e3e5' adapter.
[DEBUG] [17:52:25.052] [JavaFX Application Thread] [] org.mybatis.generator.internal.db.DatabaseIntrospector.getColumns:506 --> Retrieving column information for table "warehouse.images"
[DEBUG] [17:52:25.071] [JavaFX Application Thread] [] org.mybatis.generator.internal.db.DatabaseIntrospector.getColumns:563 --> Found column "id", data type 4, in table "warehouse..images"
[DEBUG] [17:52:25.072] [JavaFX Application Thread] [] org.mybatis.generator.internal.db.DatabaseIntrospector.getColumns:563 --> Found column "path", data type 12, in table "warehouse..images"
[DEBUG] [17:52:25.074] [JavaFX Application Thread] [] org.mybatis.generator.internal.db.DatabaseIntrospector.getColumns:563 --> Found column "time", data type 91, in table "warehouse..images"
[INFO] [17:54:08.519] [JavaFX Application Thread] [] com.zzg.mybatis.generator.util.ConfigHelper.findConnectorLibPath:215 --> jar resource: jar:file:/D:/mybatis-generator-gui-0.8.8-SNAPSHOT.app/mybatis-generator-gui-0.8.8-SNAPSHOT.app/Contents/Java/mybatis-generator-gui.jar!/logback.xml
[INFO] [17:54:08.520] [JavaFX Application Thread] [] com.zzg.mybatis.generator.bridge.MybatisGeneratorBridge.generate:66 --> connectorLibPath: D:\mybatis-generator-gui-0.8.8-SNAPSHOT.app\mybatis-generator-gui-0.8.8-SNAPSHOT.app\Contents\Java\lib\mysql-connector-java-5.1.38.jar
[INFO] [17:54:08.526] [JavaFX Application Thread] [] com.zzg.mybatis.generator.util.DbUtil.getConnectionUrlWithSchema:214 --> getConnectionUrlWithSchema, connection url: jdbc:mysql://127.0.0.1:3306/Warehouse?useUnicode=true&useSSL=false&characterEncoding=utf8
[DEBUG] [17:54:08.676] [JavaFX Application Thread] [] org.mybatis.generator.internal.db.DatabaseIntrospector.getColumns:506 --> Retrieving column information for table "warehouse.images"
[DEBUG] [17:54:08.690] [JavaFX Application Thread] [] org.mybatis.generator.internal.db.DatabaseIntrospector.getColumns:563 --> Found column "id", data type 4, in table "warehouse..images"
[DEBUG] [17:54:08.691] [JavaFX Application Thread] [] org.mybatis.generator.internal.db.DatabaseIntrospector.getColumns:563 --> Found column "path", data type 12, in table "warehouse..images"
[DEBUG] [17:54:08.693] [JavaFX Application Thread] [] org.mybatis.generator.internal.db.DatabaseIntrospector.getColumns:563 --> Found column "time", data type 91, in table "warehouse..images"
[INFO] [17:55:18.304] [JavaFX Application Thread] [] com.zzg.mybatis.generator.util.ConfigHelper.findConnectorLibPath:215 --> jar resource: jar:file:/D:/mybatis-generator-gui-0.8.8-SNAPSHOT.app/mybatis-generator-gui-0.8.8-SNAPSHOT.app/Contents/Java/mybatis-generator-gui.jar!/logback.xml
[INFO] [17:55:18.306] [JavaFX Application Thread] [] com.zzg.mybatis.generator.bridge.MybatisGeneratorBridge.generate:66 --> connectorLibPath: D:\mybatis-generator-gui-0.8.8-SNAPSHOT.app\mybatis-generator-gui-0.8.8-SNAPSHOT.app\Contents\Java\lib\mysql-connector-java-5.1.38.jar
[INFO] [17:55:18.313] [JavaFX Application Thread] [] com.zzg.mybatis.generator.util.DbUtil.getConnectionUrlWithSchema:214 --> getConnectionUrlWithSchema, connection url: jdbc:mysql://127.0.0.1:3306/Warehouse?useUnicode=true&useSSL=false&characterEncoding=utf8
[DEBUG] [17:55:18.463] [JavaFX Application Thread] [] org.mybatis.generator.internal.db.DatabaseIntrospector.getColumns:506 --> Retrieving column information for table "warehouse.images"
[DEBUG] [17:55:18.473] [JavaFX Application Thread] [] org.mybatis.generator.internal.db.DatabaseIntrospector.getColumns:563 --> Found column "id", data type 4, in table "warehouse..images"
[DEBUG] [17:55:18.474] [JavaFX Application Thread] [] org.mybatis.generator.internal.db.DatabaseIntrospector.getColumns:563 --> Found column "path", data type 12, in table "warehouse..images"
[DEBUG] [17:55:18.476] [JavaFX Application Thread] [] org.mybatis.generator.internal.db.DatabaseIntrospector.getColumns:563 --> Found column "time", data type 91, in table "warehouse..images"
[INFO] [18:03:31.554] [JavaFX Application Thread] [] com.zzg.mybatis.generator.util.ConfigHelper.findConnectorLibPath:215 --> jar resource: jar:file:/D:/mybatis-generator-gui-0.8.8-SNAPSHOT.app/mybatis-generator-gui-0.8.8-SNAPSHOT.app/Contents/Java/mybatis-generator-gui.jar!/logback.xml
[INFO] [18:03:31.556] [JavaFX Application Thread] [] com.zzg.mybatis.generator.bridge.MybatisGeneratorBridge.generate:66 --> connectorLibPath: D:\mybatis-generator-gui-0.8.8-SNAPSHOT.app\mybatis-generator-gui-0.8.8-SNAPSHOT.app\Contents\Java\lib\mysql-connector-java-5.1.38.jar
[INFO] [18:03:31.562] [JavaFX Application Thread] [] com.zzg.mybatis.generator.util.DbUtil.getConnectionUrlWithSchema:214 --> getConnectionUrlWithSchema, connection url: jdbc:mysql://127.0.0.1:3306/Warehouse?useUnicode=true&useSSL=false&characterEncoding=utf8
[DEBUG] [18:03:31.716] [JavaFX Application Thread] [] org.mybatis.generator.internal.db.DatabaseIntrospector.getColumns:506 --> Retrieving column information for table "warehouse.images"
[DEBUG] [18:03:31.727] [JavaFX Application Thread] [] org.mybatis.generator.internal.db.DatabaseIntrospector.getColumns:563 --> Found column "id", data type 4, in table "warehouse..images"
[DEBUG] [18:03:31.728] [JavaFX Application Thread] [] org.mybatis.generator.internal.db.DatabaseIntrospector.getColumns:563 --> Found column "path", data type 12, in table "warehouse..images"
[DEBUG] [18:03:31.730] [JavaFX Application Thread] [] org.mybatis.generator.internal.db.DatabaseIntrospector.getColumns:563 --> Found column "time", data type 91, in table "warehouse..images"
[INFO] [18:06:36.762] [JavaFX Application Thread] [] com.zzg.mybatis.generator.util.ConfigHelper.findConnectorLibPath:215 --> jar resource: jar:file:/D:/mybatis-generator-gui-0.8.8-SNAPSHOT.app/mybatis-generator-gui-0.8.8-SNAPSHOT.app/Contents/Java/mybatis-generator-gui.jar!/logback.xml
[INFO] [18:06:36.763] [JavaFX Application Thread] [] com.zzg.mybatis.generator.bridge.MybatisGeneratorBridge.generate:66 --> connectorLibPath: D:\mybatis-generator-gui-0.8.8-SNAPSHOT.app\mybatis-generator-gui-0.8.8-SNAPSHOT.app\Contents\Java\lib\mysql-connector-java-5.1.38.jar
[INFO] [18:06:36.770] [JavaFX Application Thread] [] com.zzg.mybatis.generator.util.DbUtil.getConnectionUrlWithSchema:214 --> getConnectionUrlWithSchema, connection url: jdbc:mysql://127.0.0.1:3306/Warehouse?useUnicode=true&useSSL=false&characterEncoding=utf8
[DEBUG] [18:06:36.937] [JavaFX Application Thread] [] org.mybatis.generator.internal.db.DatabaseIntrospector.getColumns:506 --> Retrieving column information for table "warehouse.images"
[DEBUG] [18:06:36.948] [JavaFX Application Thread] [] org.mybatis.generator.internal.db.DatabaseIntrospector.getColumns:563 --> Found column "id", data type 4, in table "warehouse..images"
[DEBUG] [18:06:36.948] [JavaFX Application Thread] [] org.mybatis.generator.internal.db.DatabaseIntrospector.getColumns:563 --> Found column "path", data type 12, in table "warehouse..images"
[DEBUG] [18:06:36.950] [JavaFX Application Thread] [] org.mybatis.generator.internal.db.DatabaseIntrospector.getColumns:563 --> Found column "time", data type 91, in table "warehouse..images"
